<?xml version="1.0" encoding="UTF-8"?>
<!-- Generated by org.testng.reporters.JUnitReportReporter -->
<testsuite skipped="0" hostname="DESKTOP-4Q9PB5L" name="qaclickacademy.mobile3" tests="2" failures="0" timestamp="2020-04-06T14:13:04 BST" time="0.012" errors="0">
  <testcase name="mobiiwdemo1" time="0.011" classname="qaclickacademy.mobile3"/>
  <testcase name="mobiwijdemo1" time="0.001" classname="qaclickacademy.mobile3"/>
</testsuite> <!-- qaclickacademy.mobile3 -->
