<?xml version="1.0" encoding="UTF-8"?>
<!-- Generated by org.testng.reporters.JUnitReportReporter -->
<testsuite skipped="0" hostname="DESKTOP-4Q9PB5L" name="qaclickacademy.strange" tests="3" failures="0" timestamp="2020-04-06T14:13:04 BST" time="0.003" errors="0">
  <testcase name="crack" time="0.001" classname="qaclickacademy.strange"/>
  <testcase name="crack2" time="0.001" classname="qaclickacademy.strange"/>
  <testcase name="cracki" time="0.001" classname="qaclickacademy.strange"/>
</testsuite> <!-- qaclickacademy.strange -->
