<?xml version="1.0" encoding="UTF-8"?>
<!-- Generated by org.testng.reporters.JUnitReportReporter -->
<testsuite skipped="0" hostname="DESKTOP-4Q9PB5L" name="qaclickacademy.ap2" tests="1" failures="0" timestamp="2020-04-05T11:38:10 BST" time="0.010" errors="0">
  <testcase name="aplmobdemo1" time="0.010" classname="qaclickacademy.ap2"/>
</testsuite> <!-- qaclickacademy.ap2 -->
