<?xml version="1.0" encoding="UTF-8"?>
<!-- Generated by org.testng.reporters.JUnitReportReporter -->
<testsuite skipped="0" hostname="DESKTOP-4Q9PB5L" name="qaclickacademy.api" tests="1" failures="0" timestamp="2020-04-05T11:26:55 BST" time="0.017" errors="0">
  <testcase name="apioopmobdemo1" time="0.017" classname="qaclickacademy.api"/>
</testsuite> <!-- qaclickacademy.api -->
