<?xml version="1.0" encoding="UTF-8"?>
<!-- Generated by org.testng.reporters.JUnitReportReporter -->
<testsuite skipped="0" hostname="DESKTOP-4Q9PB5L" name="qaclickacademy.app" tests="3" failures="0" timestamp="2020-04-05T17:41:03 BST" time="0.002" errors="0">
  <testcase name="appcrack2" time="0.001" classname="qaclickacademy.app"/>
  <testcase name="appcrackki" time="0.001" classname="qaclickacademy.app"/>
  <testcase name="appcrack" time="0.000" classname="qaclickacademy.app"/>
</testsuite> <!-- qaclickacademy.app -->
