<?xml version="1.0" encoding="UTF-8"?>
<!-- Generated by org.testng.reporters.JUnitReportReporter -->
<testsuite skipped="0" hostname="DESKTOP-4Q9PB5L" name="qaclickacademy.mobile3" tests="2" failures="0" timestamp="2020-04-05T17:41:03 BST" time="0.007" errors="0">
  <testcase name="mobiwijdemo1" time="0.000" classname="qaclickacademy.mobile3"/>
  <testcase name="mobiiwdemo1" time="0.007" classname="qaclickacademy.mobile3"/>
</testsuite> <!-- qaclickacademy.mobile3 -->
