<?xml version="1.0" encoding="UTF-8"?>
<!-- Generated by org.testng.reporters.JUnitReportReporter -->
<testsuite skipped="0" hostname="DESKTOP-4Q9PB5L" name="qaclickacademy.selenium" tests="2" failures="0" timestamp="2020-04-05T17:41:03 BST" time="0.000" errors="0">
  <testcase name="selmobjdemo1" time="0.000" classname="qaclickacademy.selenium"/>
  <testcase name="selmobdemo1" time="0.000" classname="qaclickacademy.selenium"/>
</testsuite> <!-- qaclickacademy.selenium -->
