<?xml version="1.0" encoding="UTF-8"?>
<!-- Generated by org.testng.reporters.JUnitReportReporter -->
<testsuite skipped="0" hostname="DESKTOP-4Q9PB5L" name="qaclickacademy.selenium2Test" tests="2" failures="0" timestamp="2020-04-05T17:41:03 BST" time="0.002" errors="0">
  <testcase name="selmorrbjdemoss1" time="0.001" classname="qaclickacademy.selenium2Test"/>
  <testcase name="selmobdemssrrro1" time="0.001" classname="qaclickacademy.selenium2Test"/>
</testsuite> <!-- qaclickacademy.selenium2Test -->
